[debug] [2025-11-03T03:04:44.784Z] [Firebase Plugin] Activating Firebase extension.
[debug] [2025-11-03T03:04:49.064Z] [Firebase Plugin] requireAuthWrapper
[debug] [2025-11-03T03:04:49.066Z] > command requires scopes: ["email","openid","https://www.googleapis.com/auth/cloudplatformprojects.readonly","https://www.googleapis.com/auth/firebase","https://www.googleapis.com/auth/cloud-platform"]
[debug] [2025-11-03T03:04:49.066Z] > authorizing via signed-in user (ampvpc@gmail.com)
[debug] [2025-11-03T03:04:49.071Z] Checked if tokens are valid: true, expires at: 1762142623807
[debug] [2025-11-03T03:04:49.072Z] Checked if tokens are valid: true, expires at: 1762142623807
[debug] [2025-11-03T03:04:49.072Z] [Firebase Plugin] User found:  ampvpc@gmail.com
[info] [Firebase Plugin] (Core:Project) New user detected, fetching projects
[debug] [2025-11-03T03:04:49.074Z] Checked if tokens are valid: true, expires at: 1762142623807
[debug] [2025-11-03T03:04:49.076Z] >>> [apiv2][query] GET https://firebase.googleapis.com/v1beta1/projects pageSize=1000
[debug] [2025-11-03T03:04:49.089Z] [Firebase Plugin] VSCode notification server listening on port 40001
[info] [Firebase Plugin] Starting Data Connect toolkit (version 2.15.0) on port 50001
[debug] [2025-11-03T03:04:49.474Z] 'fdc build' failed with error: Unable to build your Data Connect schema and connectors (exit code 1): E1102 23:04:49.473092   14818 cmd.go:43] Error loading data connect config: could not find dataconnect.yaml in `/home/romer/miProyecto/criptoListo/dataconnect`
 {"metadata":{"emulator":{"name":"dataconnect"},"message":"'fdc build' failed with error: Unable to build your Data Connect schema and connectors (exit code 1): E1102 23:04:49.473092   14818 cmd.go:43] Error loading data connect config: could not find dataconnect.yaml in `/home/romer/miProyecto/criptoListo/dataconnect`\n"}}
[debug] [2025-11-03T03:04:49.475Z] Ignoring unsupported arg: auto_download {"metadata":{"emulator":{"name":"dataconnect"},"message":"Ignoring unsupported arg: auto_download"}}
[debug] [2025-11-03T03:04:49.475Z] Ignoring unsupported arg: port {"metadata":{"emulator":{"name":"dataconnect"},"message":"Ignoring unsupported arg: port"}}
[debug] [2025-11-03T03:04:49.476Z] Starting Data Connect Emulator with command {"binary":"/home/romer/.cache/firebase/emulators/dataconnect-emulator-2.15.0","args":["--logtostderr","-v=2","dev","--listen=localhost:50001","--config_dir=/home/romer/miProyecto/criptoListo/dataconnect","--enable_output_schema_extensions=true","--enable_output_generated_sdk=true"],"optionalArgs":["listen","config_dir","enable_output_schema_extensions","enable_output_generated_sdk"],"joinArgs":true,"shell":false,"port":9399} {"metadata":{"emulator":{"name":"dataconnect"},"message":"Starting Data Connect Emulator with command {\"binary\":\"/home/romer/.cache/firebase/emulators/dataconnect-emulator-2.15.0\",\"args\":[\"--logtostderr\",\"-v=2\",\"dev\",\"--listen=localhost:50001\",\"--config_dir=/home/romer/miProyecto/criptoListo/dataconnect\",\"--enable_output_schema_extensions=true\",\"--enable_output_generated_sdk=true\"],\"optionalArgs\":[\"listen\",\"config_dir\",\"enable_output_schema_extensions\",\"enable_output_generated_sdk\"],\"joinArgs\":true,\"shell\":false,\"port\":9399}"}}
[info] i  dataconnect: Data Connect Emulator logging to dataconnect-debug.log {"metadata":{"emulator":{"name":"dataconnect"},"message":"Data Connect Emulator logging to dataconnect-debug.log"}}
[debug] [2025-11-03T03:04:49.505Z] E1102 23:04:49.494316   14827 dev.go:79] Failed to load initial config from "/home/romer/miProyecto/criptoListo/dataconnect": could not find dataconnect.yaml in `/home/romer/miProyecto/criptoListo/dataconnect`
E1102 23:04:49.495573   14827 watch.go:102] watchAllDir unable to walk dir `/home/romer/miProyecto/criptoListo/dataconnect`: lstat /home/romer/miProyecto/criptoListo/dataconnect: no such file or directory
I1102 23:04:49.496556   14827 dev.go:102] Listening on address (HTTP + gRPC): 127.0.0.1:50001
 {"metadata":{"emulator":{"name":"dataconnect"},"message":"E1102 23:04:49.494316   14827 dev.go:79] Failed to load initial config from \"/home/romer/miProyecto/criptoListo/dataconnect\": could not find dataconnect.yaml in `/home/romer/miProyecto/criptoListo/dataconnect`\nE1102 23:04:49.495573   14827 watch.go:102] watchAllDir unable to walk dir `/home/romer/miProyecto/criptoListo/dataconnect`: lstat /home/romer/miProyecto/criptoListo/dataconnect: no such file or directory\nI1102 23:04:49.496556   14827 dev.go:102] Listening on address (HTTP + gRPC): 127.0.0.1:50001\n"}}
[error] [Firebase Plugin] error:  {}
[debug] [2025-11-03T03:04:50.406Z] <<< [apiv2][status] GET https://firebase.googleapis.com/v1beta1/projects 200
[debug] [2025-11-03T03:04:50.407Z] <<< [apiv2][body] GET https://firebase.googleapis.com/v1beta1/projects [omitted]
[debug] [2025-11-03T03:04:59.496Z] E1102 23:04:59.496579   14827 watch.go:31] Failed to load config from "/home/romer/miProyecto/criptoListo/dataconnect": could not find dataconnect.yaml in `/home/romer/miProyecto/criptoListo/dataconnect`
 {"metadata":{"emulator":{"name":"dataconnect"},"message":"E1102 23:04:59.496579   14827 watch.go:31] Failed to load config from \"/home/romer/miProyecto/criptoListo/dataconnect\": could not find dataconnect.yaml in `/home/romer/miProyecto/criptoListo/dataconnect`\n"}}
[debug] [2025-11-03T03:05:09.496Z] E1102 23:05:09.496665   14827 watch.go:31] Failed to load config from "/home/romer/miProyecto/criptoListo/dataconnect": could not find dataconnect.yaml in `/home/romer/miProyecto/criptoListo/dataconnect`
 {"metadata":{"emulator":{"name":"dataconnect"},"message":"E1102 23:05:09.496665   14827 watch.go:31] Failed to load config from \"/home/romer/miProyecto/criptoListo/dataconnect\": could not find dataconnect.yaml in `/home/romer/miProyecto/criptoListo/dataconnect`\n"}}
[debug] [2025-11-03T03:05:19.496Z] E1102 23:05:19.496012   14827 watch.go:31] Failed to load config from "/home/romer/miProyecto/criptoListo/dataconnect": could not find dataconnect.yaml in `/home/romer/miProyecto/criptoListo/dataconnect`
 {"metadata":{"emulator":{"name":"dataconnect"},"message":"E1102 23:05:19.496012   14827 watch.go:31] Failed to load config from \"/home/romer/miProyecto/criptoListo/dataconnect\": could not find dataconnect.yaml in `/home/romer/miProyecto/criptoListo/dataconnect`\n"}}
[debug] [2025-11-03T03:05:29.496Z] E1102 23:05:29.496124   14827 watch.go:31] Failed to load config from "/home/romer/miProyecto/criptoListo/dataconnect": could not find dataconnect.yaml in `/home/romer/miProyecto/criptoListo/dataconnect`
 {"metadata":{"emulator":{"name":"dataconnect"},"message":"E1102 23:05:29.496124   14827 watch.go:31] Failed to load config from \"/home/romer/miProyecto/criptoListo/dataconnect\": could not find dataconnect.yaml in `/home/romer/miProyecto/criptoListo/dataconnect`\n"}}
[debug] [2025-11-03T03:05:39.496Z] E1102 23:05:39.496429   14827 watch.go:31] Failed to load config from "/home/romer/miProyecto/criptoListo/dataconnect": could not find dataconnect.yaml in `/home/romer/miProyecto/criptoListo/dataconnect`
 {"metadata":{"emulator":{"name":"dataconnect"},"message":"E1102 23:05:39.496429   14827 watch.go:31] Failed to load config from \"/home/romer/miProyecto/criptoListo/dataconnect\": could not find dataconnect.yaml in `/home/romer/miProyecto/criptoListo/dataconnect`\n"}}
[debug] [2025-11-03T03:05:49.496Z] E1102 23:05:49.495850   14827 watch.go:31] Failed to load config from "/home/romer/miProyecto/criptoListo/dataconnect": could not find dataconnect.yaml in `/home/romer/miProyecto/criptoListo/dataconnect`
 {"metadata":{"emulator":{"name":"dataconnect"},"message":"E1102 23:05:49.495850   14827 watch.go:31] Failed to load config from \"/home/romer/miProyecto/criptoListo/dataconnect\": could not find dataconnect.yaml in `/home/romer/miProyecto/criptoListo/dataconnect`\n"}}
[debug] [2025-11-03T03:05:59.496Z] E1102 23:05:59.496004   14827 watch.go:31] Failed to load config from "/home/romer/miProyecto/criptoListo/dataconnect": could not find dataconnect.yaml in `/home/romer/miProyecto/criptoListo/dataconnect`
 {"metadata":{"emulator":{"name":"dataconnect"},"message":"E1102 23:05:59.496004   14827 watch.go:31] Failed to load config from \"/home/romer/miProyecto/criptoListo/dataconnect\": could not find dataconnect.yaml in `/home/romer/miProyecto/criptoListo/dataconnect`\n"}}
[debug] [2025-11-03T03:06:09.496Z] E1102 23:06:09.495783   14827 watch.go:31] Failed to load config from "/home/romer/miProyecto/criptoListo/dataconnect": could not find dataconnect.yaml in `/home/romer/miProyecto/criptoListo/dataconnect`
 {"metadata":{"emulator":{"name":"dataconnect"},"message":"E1102 23:06:09.495783   14827 watch.go:31] Failed to load config from \"/home/romer/miProyecto/criptoListo/dataconnect\": could not find dataconnect.yaml in `/home/romer/miProyecto/criptoListo/dataconnect`\n"}}
[debug] [2025-11-03T03:06:19.496Z] E1102 23:06:19.496158   14827 watch.go:31] Failed to load config from "/home/romer/miProyecto/criptoListo/dataconnect": could not find dataconnect.yaml in `/home/romer/miProyecto/criptoListo/dataconnect`
 {"metadata":{"emulator":{"name":"dataconnect"},"message":"E1102 23:06:19.496158   14827 watch.go:31] Failed to load config from \"/home/romer/miProyecto/criptoListo/dataconnect\": could not find dataconnect.yaml in `/home/romer/miProyecto/criptoListo/dataconnect`\n"}}
[debug] [2025-11-03T03:06:29.496Z] E1102 23:06:29.496292   14827 watch.go:31] Failed to load config from "/home/romer/miProyecto/criptoListo/dataconnect": could not find dataconnect.yaml in `/home/romer/miProyecto/criptoListo/dataconnect`
 {"metadata":{"emulator":{"name":"dataconnect"},"message":"E1102 23:06:29.496292   14827 watch.go:31] Failed to load config from \"/home/romer/miProyecto/criptoListo/dataconnect\": could not find dataconnect.yaml in `/home/romer/miProyecto/criptoListo/dataconnect`\n"}}
[debug] [2025-11-03T03:06:39.496Z] E1102 23:06:39.496333   14827 watch.go:31] Failed to load config from "/home/romer/miProyecto/criptoListo/dataconnect": could not find dataconnect.yaml in `/home/romer/miProyecto/criptoListo/dataconnect`
 {"metadata":{"emulator":{"name":"dataconnect"},"message":"E1102 23:06:39.496333   14827 watch.go:31] Failed to load config from \"/home/romer/miProyecto/criptoListo/dataconnect\": could not find dataconnect.yaml in `/home/romer/miProyecto/criptoListo/dataconnect`\n"}}
[debug] [2025-11-03T03:06:49.496Z] E1102 23:06:49.496559   14827 watch.go:31] Failed to load config from "/home/romer/miProyecto/criptoListo/dataconnect": could not find dataconnect.yaml in `/home/romer/miProyecto/criptoListo/dataconnect`
E1102 23:06:49.496617   14827 watch.go:102] watchAllDir unable to walk dir `/home/romer/miProyecto/criptoListo/dataconnect`: lstat /home/romer/miProyecto/criptoListo/dataconnect: no such file or directory
 {"metadata":{"emulator":{"name":"dataconnect"},"message":"E1102 23:06:49.496559   14827 watch.go:31] Failed to load config from \"/home/romer/miProyecto/criptoListo/dataconnect\": could not find dataconnect.yaml in `/home/romer/miProyecto/criptoListo/dataconnect`\nE1102 23:06:49.496617   14827 watch.go:102] watchAllDir unable to walk dir `/home/romer/miProyecto/criptoListo/dataconnect`: lstat /home/romer/miProyecto/criptoListo/dataconnect: no such file or directory\n"}}
[debug] [2025-11-03T03:06:59.496Z] E1102 23:06:59.496034   14827 watch.go:31] Failed to load config from "/home/romer/miProyecto/criptoListo/dataconnect": could not find dataconnect.yaml in `/home/romer/miProyecto/criptoListo/dataconnect`
 {"metadata":{"emulator":{"name":"dataconnect"},"message":"E1102 23:06:59.496034   14827 watch.go:31] Failed to load config from \"/home/romer/miProyecto/criptoListo/dataconnect\": could not find dataconnect.yaml in `/home/romer/miProyecto/criptoListo/dataconnect`\n"}}
[debug] [2025-11-03T03:07:09.495Z] E1102 23:07:09.495719   14827 watch.go:31] Failed to load config from "/home/romer/miProyecto/criptoListo/dataconnect": could not find dataconnect.yaml in `/home/romer/miProyecto/criptoListo/dataconnect`
 {"metadata":{"emulator":{"name":"dataconnect"},"message":"E1102 23:07:09.495719   14827 watch.go:31] Failed to load config from \"/home/romer/miProyecto/criptoListo/dataconnect\": could not find dataconnect.yaml in `/home/romer/miProyecto/criptoListo/dataconnect`\n"}}
[debug] [2025-11-03T03:07:19.496Z] E1102 23:07:19.495882   14827 watch.go:31] Failed to load config from "/home/romer/miProyecto/criptoListo/dataconnect": could not find dataconnect.yaml in `/home/romer/miProyecto/criptoListo/dataconnect`
 {"metadata":{"emulator":{"name":"dataconnect"},"message":"E1102 23:07:19.495882   14827 watch.go:31] Failed to load config from \"/home/romer/miProyecto/criptoListo/dataconnect\": could not find dataconnect.yaml in `/home/romer/miProyecto/criptoListo/dataconnect`\n"}}
[debug] [2025-11-03T03:07:29.496Z] E1102 23:07:29.495997   14827 watch.go:31] Failed to load config from "/home/romer/miProyecto/criptoListo/dataconnect": could not find dataconnect.yaml in `/home/romer/miProyecto/criptoListo/dataconnect`
 {"metadata":{"emulator":{"name":"dataconnect"},"message":"E1102 23:07:29.495997   14827 watch.go:31] Failed to load config from \"/home/romer/miProyecto/criptoListo/dataconnect\": could not find dataconnect.yaml in `/home/romer/miProyecto/criptoListo/dataconnect`\n"}}
[debug] [2025-11-03T03:07:39.496Z] E1102 23:07:39.496240   14827 watch.go:31] Failed to load config from "/home/romer/miProyecto/criptoListo/dataconnect": could not find dataconnect.yaml in `/home/romer/miProyecto/criptoListo/dataconnect`
 {"metadata":{"emulator":{"name":"dataconnect"},"message":"E1102 23:07:39.496240   14827 watch.go:31] Failed to load config from \"/home/romer/miProyecto/criptoListo/dataconnect\": could not find dataconnect.yaml in `/home/romer/miProyecto/criptoListo/dataconnect`\n"}}
[debug] [2025-11-03T03:07:49.495Z] E1102 23:07:49.495711   14827 watch.go:31] Failed to load config from "/home/romer/miProyecto/criptoListo/dataconnect": could not find dataconnect.yaml in `/home/romer/miProyecto/criptoListo/dataconnect`
 {"metadata":{"emulator":{"name":"dataconnect"},"message":"E1102 23:07:49.495711   14827 watch.go:31] Failed to load config from \"/home/romer/miProyecto/criptoListo/dataconnect\": could not find dataconnect.yaml in `/home/romer/miProyecto/criptoListo/dataconnect`\n"}}
[debug] [2025-11-03T03:07:59.496Z] E1102 23:07:59.495909   14827 watch.go:31] Failed to load config from "/home/romer/miProyecto/criptoListo/dataconnect": could not find dataconnect.yaml in `/home/romer/miProyecto/criptoListo/dataconnect`
 {"metadata":{"emulator":{"name":"dataconnect"},"message":"E1102 23:07:59.495909   14827 watch.go:31] Failed to load config from \"/home/romer/miProyecto/criptoListo/dataconnect\": could not find dataconnect.yaml in `/home/romer/miProyecto/criptoListo/dataconnect`\n"}}
[debug] [2025-11-03T03:08:09.496Z] E1102 23:08:09.495988   14827 watch.go:31] Failed to load config from "/home/romer/miProyecto/criptoListo/dataconnect": could not find dataconnect.yaml in `/home/romer/miProyecto/criptoListo/dataconnect`
 {"metadata":{"emulator":{"name":"dataconnect"},"message":"E1102 23:08:09.495988   14827 watch.go:31] Failed to load config from \"/home/romer/miProyecto/criptoListo/dataconnect\": could not find dataconnect.yaml in `/home/romer/miProyecto/criptoListo/dataconnect`\n"}}
[debug] [2025-11-03T03:08:19.496Z] E1102 23:08:19.496124   14827 watch.go:31] Failed to load config from "/home/romer/miProyecto/criptoListo/dataconnect": could not find dataconnect.yaml in `/home/romer/miProyecto/criptoListo/dataconnect`
 {"metadata":{"emulator":{"name":"dataconnect"},"message":"E1102 23:08:19.496124   14827 watch.go:31] Failed to load config from \"/home/romer/miProyecto/criptoListo/dataconnect\": could not find dataconnect.yaml in `/home/romer/miProyecto/criptoListo/dataconnect`\n"}}
[debug] [2025-11-03T03:08:29.496Z] E1102 23:08:29.496266   14827 watch.go:31] Failed to load config from "/home/romer/miProyecto/criptoListo/dataconnect": could not find dataconnect.yaml in `/home/romer/miProyecto/criptoListo/dataconnect`
 {"metadata":{"emulator":{"name":"dataconnect"},"message":"E1102 23:08:29.496266   14827 watch.go:31] Failed to load config from \"/home/romer/miProyecto/criptoListo/dataconnect\": could not find dataconnect.yaml in `/home/romer/miProyecto/criptoListo/dataconnect`\n"}}
[debug] [2025-11-03T03:08:39.496Z] E1102 23:08:39.496473   14827 watch.go:31] Failed to load config from "/home/romer/miProyecto/criptoListo/dataconnect": could not find dataconnect.yaml in `/home/romer/miProyecto/criptoListo/dataconnect`
 {"metadata":{"emulator":{"name":"dataconnect"},"message":"E1102 23:08:39.496473   14827 watch.go:31] Failed to load config from \"/home/romer/miProyecto/criptoListo/dataconnect\": could not find dataconnect.yaml in `/home/romer/miProyecto/criptoListo/dataconnect`\n"}}
[debug] [2025-11-03T03:08:49.495Z] E1102 23:08:49.495773   14827 watch.go:31] Failed to load config from "/home/romer/miProyecto/criptoListo/dataconnect": could not find dataconnect.yaml in `/home/romer/miProyecto/criptoListo/dataconnect`
E1102 23:08:49.495793   14827 watch.go:102] watchAllDir unable to walk dir `/home/romer/miProyecto/criptoListo/dataconnect`: lstat /home/romer/miProyecto/criptoListo/dataconnect: no such file or directory
 {"metadata":{"emulator":{"name":"dataconnect"},"message":"E1102 23:08:49.495773   14827 watch.go:31] Failed to load config from \"/home/romer/miProyecto/criptoListo/dataconnect\": could not find dataconnect.yaml in `/home/romer/miProyecto/criptoListo/dataconnect`\nE1102 23:08:49.495793   14827 watch.go:102] watchAllDir unable to walk dir `/home/romer/miProyecto/criptoListo/dataconnect`: lstat /home/romer/miProyecto/criptoListo/dataconnect: no such file or directory\n"}}
[debug] [2025-11-03T03:08:59.496Z] E1102 23:08:59.496079   14827 watch.go:31] Failed to load config from "/home/romer/miProyecto/criptoListo/dataconnect": could not find dataconnect.yaml in `/home/romer/miProyecto/criptoListo/dataconnect`
 {"metadata":{"emulator":{"name":"dataconnect"},"message":"E1102 23:08:59.496079   14827 watch.go:31] Failed to load config from \"/home/romer/miProyecto/criptoListo/dataconnect\": could not find dataconnect.yaml in `/home/romer/miProyecto/criptoListo/dataconnect`\n"}}
[debug] [2025-11-03T03:09:09.496Z] E1102 23:09:09.496075   14827 watch.go:31] Failed to load config from "/home/romer/miProyecto/criptoListo/dataconnect": could not find dataconnect.yaml in `/home/romer/miProyecto/criptoListo/dataconnect`
 {"metadata":{"emulator":{"name":"dataconnect"},"message":"E1102 23:09:09.496075   14827 watch.go:31] Failed to load config from \"/home/romer/miProyecto/criptoListo/dataconnect\": could not find dataconnect.yaml in `/home/romer/miProyecto/criptoListo/dataconnect`\n"}}
[debug] [2025-11-03T03:09:19.496Z] E1102 23:09:19.496379   14827 watch.go:31] Failed to load config from "/home/romer/miProyecto/criptoListo/dataconnect": could not find dataconnect.yaml in `/home/romer/miProyecto/criptoListo/dataconnect`
 {"metadata":{"emulator":{"name":"dataconnect"},"message":"E1102 23:09:19.496379   14827 watch.go:31] Failed to load config from \"/home/romer/miProyecto/criptoListo/dataconnect\": could not find dataconnect.yaml in `/home/romer/miProyecto/criptoListo/dataconnect`\n"}}
[debug] [2025-11-03T03:09:29.495Z] E1102 23:09:29.495731   14827 watch.go:31] Failed to load config from "/home/romer/miProyecto/criptoListo/dataconnect": could not find dataconnect.yaml in `/home/romer/miProyecto/criptoListo/dataconnect`
 {"metadata":{"emulator":{"name":"dataconnect"},"message":"E1102 23:09:29.495731   14827 watch.go:31] Failed to load config from \"/home/romer/miProyecto/criptoListo/dataconnect\": could not find dataconnect.yaml in `/home/romer/miProyecto/criptoListo/dataconnect`\n"}}
[debug] [2025-11-03T03:09:39.496Z] E1102 23:09:39.496013   14827 watch.go:31] Failed to load config from "/home/romer/miProyecto/criptoListo/dataconnect": could not find dataconnect.yaml in `/home/romer/miProyecto/criptoListo/dataconnect`
 {"metadata":{"emulator":{"name":"dataconnect"},"message":"E1102 23:09:39.496013   14827 watch.go:31] Failed to load config from \"/home/romer/miProyecto/criptoListo/dataconnect\": could not find dataconnect.yaml in `/home/romer/miProyecto/criptoListo/dataconnect`\n"}}
[debug] [2025-11-03T03:09:49.496Z] E1102 23:09:49.496108   14827 watch.go:31] Failed to load config from "/home/romer/miProyecto/criptoListo/dataconnect": could not find dataconnect.yaml in `/home/romer/miProyecto/criptoListo/dataconnect`
 {"metadata":{"emulator":{"name":"dataconnect"},"message":"E1102 23:09:49.496108   14827 watch.go:31] Failed to load config from \"/home/romer/miProyecto/criptoListo/dataconnect\": could not find dataconnect.yaml in `/home/romer/miProyecto/criptoListo/dataconnect`\n"}}
[debug] [2025-11-03T03:09:59.496Z] E1102 23:09:59.496430   14827 watch.go:31] Failed to load config from "/home/romer/miProyecto/criptoListo/dataconnect": could not find dataconnect.yaml in `/home/romer/miProyecto/criptoListo/dataconnect`
 {"metadata":{"emulator":{"name":"dataconnect"},"message":"E1102 23:09:59.496430   14827 watch.go:31] Failed to load config from \"/home/romer/miProyecto/criptoListo/dataconnect\": could not find dataconnect.yaml in `/home/romer/miProyecto/criptoListo/dataconnect`\n"}}
[debug] [2025-11-03T03:10:09.496Z] E1102 23:10:09.496644   14827 watch.go:31] Failed to load config from "/home/romer/miProyecto/criptoListo/dataconnect": could not find dataconnect.yaml in `/home/romer/miProyecto/criptoListo/dataconnect`
 {"metadata":{"emulator":{"name":"dataconnect"},"message":"E1102 23:10:09.496644   14827 watch.go:31] Failed to load config from \"/home/romer/miProyecto/criptoListo/dataconnect\": could not find dataconnect.yaml in `/home/romer/miProyecto/criptoListo/dataconnect`\n"}}
[debug] [2025-11-03T03:10:19.496Z] E1102 23:10:19.495995   14827 watch.go:31] Failed to load config from "/home/romer/miProyecto/criptoListo/dataconnect": could not find dataconnect.yaml in `/home/romer/miProyecto/criptoListo/dataconnect`
 {"metadata":{"emulator":{"name":"dataconnect"},"message":"E1102 23:10:19.495995   14827 watch.go:31] Failed to load config from \"/home/romer/miProyecto/criptoListo/dataconnect\": could not find dataconnect.yaml in `/home/romer/miProyecto/criptoListo/dataconnect`\n"}}
[debug] [2025-11-03T03:10:29.496Z] E1102 23:10:29.496231   14827 watch.go:31] Failed to load config from "/home/romer/miProyecto/criptoListo/dataconnect": could not find dataconnect.yaml in `/home/romer/miProyecto/criptoListo/dataconnect`
 {"metadata":{"emulator":{"name":"dataconnect"},"message":"E1102 23:10:29.496231   14827 watch.go:31] Failed to load config from \"/home/romer/miProyecto/criptoListo/dataconnect\": could not find dataconnect.yaml in `/home/romer/miProyecto/criptoListo/dataconnect`\n"}}
[debug] [2025-11-03T03:10:39.496Z] E1102 23:10:39.496331   14827 watch.go:31] Failed to load config from "/home/romer/miProyecto/criptoListo/dataconnect": could not find dataconnect.yaml in `/home/romer/miProyecto/criptoListo/dataconnect`
 {"metadata":{"emulator":{"name":"dataconnect"},"message":"E1102 23:10:39.496331   14827 watch.go:31] Failed to load config from \"/home/romer/miProyecto/criptoListo/dataconnect\": could not find dataconnect.yaml in `/home/romer/miProyecto/criptoListo/dataconnect`\n"}}
[debug] [2025-11-03T03:10:49.496Z] E1102 23:10:49.496689   14827 watch.go:31] Failed to load config from "/home/romer/miProyecto/criptoListo/dataconnect": could not find dataconnect.yaml in `/home/romer/miProyecto/criptoListo/dataconnect`
E1102 23:10:49.496731   14827 watch.go:102] watchAllDir unable to walk dir `/home/romer/miProyecto/criptoListo/dataconnect`: lstat /home/romer/miProyecto/criptoListo/dataconnect: no such file or directory
 {"metadata":{"emulator":{"name":"dataconnect"},"message":"E1102 23:10:49.496689   14827 watch.go:31] Failed to load config from \"/home/romer/miProyecto/criptoListo/dataconnect\": could not find dataconnect.yaml in `/home/romer/miProyecto/criptoListo/dataconnect`\nE1102 23:10:49.496731   14827 watch.go:102] watchAllDir unable to walk dir `/home/romer/miProyecto/criptoListo/dataconnect`: lstat /home/romer/miProyecto/criptoListo/dataconnect: no such file or directory\n"}}
[debug] [2025-11-03T03:10:59.496Z] E1102 23:10:59.495984   14827 watch.go:31] Failed to load config from "/home/romer/miProyecto/criptoListo/dataconnect": could not find dataconnect.yaml in `/home/romer/miProyecto/criptoListo/dataconnect`
 {"metadata":{"emulator":{"name":"dataconnect"},"message":"E1102 23:10:59.495984   14827 watch.go:31] Failed to load config from \"/home/romer/miProyecto/criptoListo/dataconnect\": could not find dataconnect.yaml in `/home/romer/miProyecto/criptoListo/dataconnect`\n"}}
[debug] [2025-11-03T03:11:09.496Z] E1102 23:11:09.496032   14827 watch.go:31] Failed to load config from "/home/romer/miProyecto/criptoListo/dataconnect": could not find dataconnect.yaml in `/home/romer/miProyecto/criptoListo/dataconnect`
 {"metadata":{"emulator":{"name":"dataconnect"},"message":"E1102 23:11:09.496032   14827 watch.go:31] Failed to load config from \"/home/romer/miProyecto/criptoListo/dataconnect\": could not find dataconnect.yaml in `/home/romer/miProyecto/criptoListo/dataconnect`\n"}}
[debug] [2025-11-03T03:11:19.496Z] E1102 23:11:19.496388   14827 watch.go:31] Failed to load config from "/home/romer/miProyecto/criptoListo/dataconnect": could not find dataconnect.yaml in `/home/romer/miProyecto/criptoListo/dataconnect`
 {"metadata":{"emulator":{"name":"dataconnect"},"message":"E1102 23:11:19.496388   14827 watch.go:31] Failed to load config from \"/home/romer/miProyecto/criptoListo/dataconnect\": could not find dataconnect.yaml in `/home/romer/miProyecto/criptoListo/dataconnect`\n"}}
[debug] [2025-11-03T03:11:29.496Z] E1102 23:11:29.495794   14827 watch.go:31] Failed to load config from "/home/romer/miProyecto/criptoListo/dataconnect": could not find dataconnect.yaml in `/home/romer/miProyecto/criptoListo/dataconnect`
 {"metadata":{"emulator":{"name":"dataconnect"},"message":"E1102 23:11:29.495794   14827 watch.go:31] Failed to load config from \"/home/romer/miProyecto/criptoListo/dataconnect\": could not find dataconnect.yaml in `/home/romer/miProyecto/criptoListo/dataconnect`\n"}}
[debug] [2025-11-03T03:11:39.496Z] E1102 23:11:39.495782   14827 watch.go:31] Failed to load config from "/home/romer/miProyecto/criptoListo/dataconnect": could not find dataconnect.yaml in `/home/romer/miProyecto/criptoListo/dataconnect`
 {"metadata":{"emulator":{"name":"dataconnect"},"message":"E1102 23:11:39.495782   14827 watch.go:31] Failed to load config from \"/home/romer/miProyecto/criptoListo/dataconnect\": could not find dataconnect.yaml in `/home/romer/miProyecto/criptoListo/dataconnect`\n"}}
[debug] [2025-11-03T03:11:49.496Z] E1102 23:11:49.496017   14827 watch.go:31] Failed to load config from "/home/romer/miProyecto/criptoListo/dataconnect": could not find dataconnect.yaml in `/home/romer/miProyecto/criptoListo/dataconnect`
 {"metadata":{"emulator":{"name":"dataconnect"},"message":"E1102 23:11:49.496017   14827 watch.go:31] Failed to load config from \"/home/romer/miProyecto/criptoListo/dataconnect\": could not find dataconnect.yaml in `/home/romer/miProyecto/criptoListo/dataconnect`\n"}}
[debug] [2025-11-03T03:11:59.496Z] E1102 23:11:59.496094   14827 watch.go:31] Failed to load config from "/home/romer/miProyecto/criptoListo/dataconnect": could not find dataconnect.yaml in `/home/romer/miProyecto/criptoListo/dataconnect`
 {"metadata":{"emulator":{"name":"dataconnect"},"message":"E1102 23:11:59.496094   14827 watch.go:31] Failed to load config from \"/home/romer/miProyecto/criptoListo/dataconnect\": could not find dataconnect.yaml in `/home/romer/miProyecto/criptoListo/dataconnect`\n"}}
[debug] [2025-11-03T03:12:09.496Z] E1102 23:12:09.496145   14827 watch.go:31] Failed to load config from "/home/romer/miProyecto/criptoListo/dataconnect": could not find dataconnect.yaml in `/home/romer/miProyecto/criptoListo/dataconnect`
 {"metadata":{"emulator":{"name":"dataconnect"},"message":"E1102 23:12:09.496145   14827 watch.go:31] Failed to load config from \"/home/romer/miProyecto/criptoListo/dataconnect\": could not find dataconnect.yaml in `/home/romer/miProyecto/criptoListo/dataconnect`\n"}}
[debug] [2025-11-03T03:12:19.496Z] E1102 23:12:19.496286   14827 watch.go:31] Failed to load config from "/home/romer/miProyecto/criptoListo/dataconnect": could not find dataconnect.yaml in `/home/romer/miProyecto/criptoListo/dataconnect`
 {"metadata":{"emulator":{"name":"dataconnect"},"message":"E1102 23:12:19.496286   14827 watch.go:31] Failed to load config from \"/home/romer/miProyecto/criptoListo/dataconnect\": could not find dataconnect.yaml in `/home/romer/miProyecto/criptoListo/dataconnect`\n"}}
[debug] [2025-11-03T03:12:29.496Z] E1102 23:12:29.496432   14827 watch.go:31] Failed to load config from "/home/romer/miProyecto/criptoListo/dataconnect": could not find dataconnect.yaml in `/home/romer/miProyecto/criptoListo/dataconnect`
 {"metadata":{"emulator":{"name":"dataconnect"},"message":"E1102 23:12:29.496432   14827 watch.go:31] Failed to load config from \"/home/romer/miProyecto/criptoListo/dataconnect\": could not find dataconnect.yaml in `/home/romer/miProyecto/criptoListo/dataconnect`\n"}}
[debug] [2025-11-03T03:12:39.496Z] E1102 23:12:39.496514   14827 watch.go:31] Failed to load config from "/home/romer/miProyecto/criptoListo/dataconnect": could not find dataconnect.yaml in `/home/romer/miProyecto/criptoListo/dataconnect`
 {"metadata":{"emulator":{"name":"dataconnect"},"message":"E1102 23:12:39.496514   14827 watch.go:31] Failed to load config from \"/home/romer/miProyecto/criptoListo/dataconnect\": could not find dataconnect.yaml in `/home/romer/miProyecto/criptoListo/dataconnect`\n"}}
[debug] [2025-11-03T03:12:49.495Z] E1102 23:12:49.495818   14827 watch.go:31] Failed to load config from "/home/romer/miProyecto/criptoListo/dataconnect": could not find dataconnect.yaml in `/home/romer/miProyecto/criptoListo/dataconnect`
E1102 23:12:49.495844   14827 watch.go:102] watchAllDir unable to walk dir `/home/romer/miProyecto/criptoListo/dataconnect`: lstat /home/romer/miProyecto/criptoListo/dataconnect: no such file or directory
 {"metadata":{"emulator":{"name":"dataconnect"},"message":"E1102 23:12:49.495818   14827 watch.go:31] Failed to load config from \"/home/romer/miProyecto/criptoListo/dataconnect\": could not find dataconnect.yaml in `/home/romer/miProyecto/criptoListo/dataconnect`\nE1102 23:12:49.495844   14827 watch.go:102] watchAllDir unable to walk dir `/home/romer/miProyecto/criptoListo/dataconnect`: lstat /home/romer/miProyecto/criptoListo/dataconnect: no such file or directory\n"}}
[debug] [2025-11-03T03:12:59.496Z] E1102 23:12:59.496086   14827 watch.go:31] Failed to load config from "/home/romer/miProyecto/criptoListo/dataconnect": could not find dataconnect.yaml in `/home/romer/miProyecto/criptoListo/dataconnect`
 {"metadata":{"emulator":{"name":"dataconnect"},"message":"E1102 23:12:59.496086   14827 watch.go:31] Failed to load config from \"/home/romer/miProyecto/criptoListo/dataconnect\": could not find dataconnect.yaml in `/home/romer/miProyecto/criptoListo/dataconnect`\n"}}
[debug] [2025-11-03T03:13:09.496Z] E1102 23:13:09.495993   14827 watch.go:31] Failed to load config from "/home/romer/miProyecto/criptoListo/dataconnect": could not find dataconnect.yaml in `/home/romer/miProyecto/criptoListo/dataconnect`
 {"metadata":{"emulator":{"name":"dataconnect"},"message":"E1102 23:13:09.495993   14827 watch.go:31] Failed to load config from \"/home/romer/miProyecto/criptoListo/dataconnect\": could not find dataconnect.yaml in `/home/romer/miProyecto/criptoListo/dataconnect`\n"}}
[debug] [2025-11-03T03:13:19.496Z] E1102 23:13:19.496249   14827 watch.go:31] Failed to load config from "/home/romer/miProyecto/criptoListo/dataconnect": could not find dataconnect.yaml in `/home/romer/miProyecto/criptoListo/dataconnect`
 {"metadata":{"emulator":{"name":"dataconnect"},"message":"E1102 23:13:19.496249   14827 watch.go:31] Failed to load config from \"/home/romer/miProyecto/criptoListo/dataconnect\": could not find dataconnect.yaml in `/home/romer/miProyecto/criptoListo/dataconnect`\n"}}
[debug] [2025-11-03T03:13:29.496Z] E1102 23:13:29.496044   14827 watch.go:31] Failed to load config from "/home/romer/miProyecto/criptoListo/dataconnect": could not find dataconnect.yaml in `/home/romer/miProyecto/criptoListo/dataconnect`
 {"metadata":{"emulator":{"name":"dataconnect"},"message":"E1102 23:13:29.496044   14827 watch.go:31] Failed to load config from \"/home/romer/miProyecto/criptoListo/dataconnect\": could not find dataconnect.yaml in `/home/romer/miProyecto/criptoListo/dataconnect`\n"}}
[debug] [2025-11-03T03:13:39.496Z] E1102 23:13:39.495924   14827 watch.go:31] Failed to load config from "/home/romer/miProyecto/criptoListo/dataconnect": could not find dataconnect.yaml in `/home/romer/miProyecto/criptoListo/dataconnect`
 {"metadata":{"emulator":{"name":"dataconnect"},"message":"E1102 23:13:39.495924   14827 watch.go:31] Failed to load config from \"/home/romer/miProyecto/criptoListo/dataconnect\": could not find dataconnect.yaml in `/home/romer/miProyecto/criptoListo/dataconnect`\n"}}
[debug] [2025-11-03T03:13:49.496Z] E1102 23:13:49.496519   14827 watch.go:31] Failed to load config from "/home/romer/miProyecto/criptoListo/dataconnect": could not find dataconnect.yaml in `/home/romer/miProyecto/criptoListo/dataconnect`
 {"metadata":{"emulator":{"name":"dataconnect"},"message":"E1102 23:13:49.496519   14827 watch.go:31] Failed to load config from \"/home/romer/miProyecto/criptoListo/dataconnect\": could not find dataconnect.yaml in `/home/romer/miProyecto/criptoListo/dataconnect`\n"}}
[debug] [2025-11-03T03:13:59.495Z] E1102 23:13:59.495797   14827 watch.go:31] Failed to load config from "/home/romer/miProyecto/criptoListo/dataconnect": could not find dataconnect.yaml in `/home/romer/miProyecto/criptoListo/dataconnect`
 {"metadata":{"emulator":{"name":"dataconnect"},"message":"E1102 23:13:59.495797   14827 watch.go:31] Failed to load config from \"/home/romer/miProyecto/criptoListo/dataconnect\": could not find dataconnect.yaml in `/home/romer/miProyecto/criptoListo/dataconnect`\n"}}
[debug] [2025-11-03T03:14:09.496Z] E1102 23:14:09.495830   14827 watch.go:31] Failed to load config from "/home/romer/miProyecto/criptoListo/dataconnect": could not find dataconnect.yaml in `/home/romer/miProyecto/criptoListo/dataconnect`
 {"metadata":{"emulator":{"name":"dataconnect"},"message":"E1102 23:14:09.495830   14827 watch.go:31] Failed to load config from \"/home/romer/miProyecto/criptoListo/dataconnect\": could not find dataconnect.yaml in `/home/romer/miProyecto/criptoListo/dataconnect`\n"}}
[debug] [2025-11-03T03:14:19.496Z] E1102 23:14:19.496010   14827 watch.go:31] Failed to load config from "/home/romer/miProyecto/criptoListo/dataconnect": could not find dataconnect.yaml in `/home/romer/miProyecto/criptoListo/dataconnect`
 {"metadata":{"emulator":{"name":"dataconnect"},"message":"E1102 23:14:19.496010   14827 watch.go:31] Failed to load config from \"/home/romer/miProyecto/criptoListo/dataconnect\": could not find dataconnect.yaml in `/home/romer/miProyecto/criptoListo/dataconnect`\n"}}
[debug] [2025-11-03T03:14:29.496Z] E1102 23:14:29.496126   14827 watch.go:31] Failed to load config from "/home/romer/miProyecto/criptoListo/dataconnect": could not find dataconnect.yaml in `/home/romer/miProyecto/criptoListo/dataconnect`
 {"metadata":{"emulator":{"name":"dataconnect"},"message":"E1102 23:14:29.496126   14827 watch.go:31] Failed to load config from \"/home/romer/miProyecto/criptoListo/dataconnect\": could not find dataconnect.yaml in `/home/romer/miProyecto/criptoListo/dataconnect`\n"}}
[debug] [2025-11-03T03:14:39.496Z] E1102 23:14:39.496216   14827 watch.go:31] Failed to load config from "/home/romer/miProyecto/criptoListo/dataconnect": could not find dataconnect.yaml in `/home/romer/miProyecto/criptoListo/dataconnect`
 {"metadata":{"emulator":{"name":"dataconnect"},"message":"E1102 23:14:39.496216   14827 watch.go:31] Failed to load config from \"/home/romer/miProyecto/criptoListo/dataconnect\": could not find dataconnect.yaml in `/home/romer/miProyecto/criptoListo/dataconnect`\n"}}
[debug] [2025-11-03T03:14:49.496Z] E1102 23:14:49.496480   14827 watch.go:31] Failed to load config from "/home/romer/miProyecto/criptoListo/dataconnect": could not find dataconnect.yaml in `/home/romer/miProyecto/criptoListo/dataconnect`
E1102 23:14:49.496502   14827 watch.go:102] watchAllDir unable to walk dir `/home/romer/miProyecto/criptoListo/dataconnect`: lstat /home/romer/miProyecto/criptoListo/dataconnect: no such file or directory
 {"metadata":{"emulator":{"name":"dataconnect"},"message":"E1102 23:14:49.496480   14827 watch.go:31] Failed to load config from \"/home/romer/miProyecto/criptoListo/dataconnect\": could not find dataconnect.yaml in `/home/romer/miProyecto/criptoListo/dataconnect`\nE1102 23:14:49.496502   14827 watch.go:102] watchAllDir unable to walk dir `/home/romer/miProyecto/criptoListo/dataconnect`: lstat /home/romer/miProyecto/criptoListo/dataconnect: no such file or directory\n"}}
[debug] [2025-11-03T03:14:59.495Z] E1102 23:14:59.495738   14827 watch.go:31] Failed to load config from "/home/romer/miProyecto/criptoListo/dataconnect": could not find dataconnect.yaml in `/home/romer/miProyecto/criptoListo/dataconnect`
 {"metadata":{"emulator":{"name":"dataconnect"},"message":"E1102 23:14:59.495738   14827 watch.go:31] Failed to load config from \"/home/romer/miProyecto/criptoListo/dataconnect\": could not find dataconnect.yaml in `/home/romer/miProyecto/criptoListo/dataconnect`\n"}}
[debug] [2025-11-03T03:15:09.496Z] E1102 23:15:09.495799   14827 watch.go:31] Failed to load config from "/home/romer/miProyecto/criptoListo/dataconnect": could not find dataconnect.yaml in `/home/romer/miProyecto/criptoListo/dataconnect`
 {"metadata":{"emulator":{"name":"dataconnect"},"message":"E1102 23:15:09.495799   14827 watch.go:31] Failed to load config from \"/home/romer/miProyecto/criptoListo/dataconnect\": could not find dataconnect.yaml in `/home/romer/miProyecto/criptoListo/dataconnect`\n"}}
[debug] [2025-11-03T03:15:19.496Z] E1102 23:15:19.496089   14827 watch.go:31] Failed to load config from "/home/romer/miProyecto/criptoListo/dataconnect": could not find dataconnect.yaml in `/home/romer/miProyecto/criptoListo/dataconnect`
 {"metadata":{"emulator":{"name":"dataconnect"},"message":"E1102 23:15:19.496089   14827 watch.go:31] Failed to load config from \"/home/romer/miProyecto/criptoListo/dataconnect\": could not find dataconnect.yaml in `/home/romer/miProyecto/criptoListo/dataconnect`\n"}}
[debug] [2025-11-03T03:15:29.496Z] E1102 23:15:29.496307   14827 watch.go:31] Failed to load config from "/home/romer/miProyecto/criptoListo/dataconnect": could not find dataconnect.yaml in `/home/romer/miProyecto/criptoListo/dataconnect`
 {"metadata":{"emulator":{"name":"dataconnect"},"message":"E1102 23:15:29.496307   14827 watch.go:31] Failed to load config from \"/home/romer/miProyecto/criptoListo/dataconnect\": could not find dataconnect.yaml in `/home/romer/miProyecto/criptoListo/dataconnect`\n"}}
[debug] [2025-11-03T03:15:39.496Z] E1102 23:15:39.496019   14827 watch.go:31] Failed to load config from "/home/romer/miProyecto/criptoListo/dataconnect": could not find dataconnect.yaml in `/home/romer/miProyecto/criptoListo/dataconnect`
 {"metadata":{"emulator":{"name":"dataconnect"},"message":"E1102 23:15:39.496019   14827 watch.go:31] Failed to load config from \"/home/romer/miProyecto/criptoListo/dataconnect\": could not find dataconnect.yaml in `/home/romer/miProyecto/criptoListo/dataconnect`\n"}}
[debug] [2025-11-03T03:15:49.496Z] E1102 23:15:49.495928   14827 watch.go:31] Failed to load config from "/home/romer/miProyecto/criptoListo/dataconnect": could not find dataconnect.yaml in `/home/romer/miProyecto/criptoListo/dataconnect`
 {"metadata":{"emulator":{"name":"dataconnect"},"message":"E1102 23:15:49.495928   14827 watch.go:31] Failed to load config from \"/home/romer/miProyecto/criptoListo/dataconnect\": could not find dataconnect.yaml in `/home/romer/miProyecto/criptoListo/dataconnect`\n"}}
[debug] [2025-11-03T03:15:59.496Z] E1102 23:15:59.496138   14827 watch.go:31] Failed to load config from "/home/romer/miProyecto/criptoListo/dataconnect": could not find dataconnect.yaml in `/home/romer/miProyecto/criptoListo/dataconnect`
 {"metadata":{"emulator":{"name":"dataconnect"},"message":"E1102 23:15:59.496138   14827 watch.go:31] Failed to load config from \"/home/romer/miProyecto/criptoListo/dataconnect\": could not find dataconnect.yaml in `/home/romer/miProyecto/criptoListo/dataconnect`\n"}}
[debug] [2025-11-03T03:16:09.496Z] E1102 23:16:09.496301   14827 watch.go:31] Failed to load config from "/home/romer/miProyecto/criptoListo/dataconnect": could not find dataconnect.yaml in `/home/romer/miProyecto/criptoListo/dataconnect`
 {"metadata":{"emulator":{"name":"dataconnect"},"message":"E1102 23:16:09.496301   14827 watch.go:31] Failed to load config from \"/home/romer/miProyecto/criptoListo/dataconnect\": could not find dataconnect.yaml in `/home/romer/miProyecto/criptoListo/dataconnect`\n"}}
[debug] [2025-11-03T03:16:19.496Z] E1102 23:16:19.496551   14827 watch.go:31] Failed to load config from "/home/romer/miProyecto/criptoListo/dataconnect": could not find dataconnect.yaml in `/home/romer/miProyecto/criptoListo/dataconnect`
 {"metadata":{"emulator":{"name":"dataconnect"},"message":"E1102 23:16:19.496551   14827 watch.go:31] Failed to load config from \"/home/romer/miProyecto/criptoListo/dataconnect\": could not find dataconnect.yaml in `/home/romer/miProyecto/criptoListo/dataconnect`\n"}}
[debug] [2025-11-03T03:16:29.495Z] E1102 23:16:29.495684   14827 watch.go:31] Failed to load config from "/home/romer/miProyecto/criptoListo/dataconnect": could not find dataconnect.yaml in `/home/romer/miProyecto/criptoListo/dataconnect`
 {"metadata":{"emulator":{"name":"dataconnect"},"message":"E1102 23:16:29.495684   14827 watch.go:31] Failed to load config from \"/home/romer/miProyecto/criptoListo/dataconnect\": could not find dataconnect.yaml in `/home/romer/miProyecto/criptoListo/dataconnect`\n"}}
[debug] [2025-11-03T03:16:39.496Z] E1102 23:16:39.495807   14827 watch.go:31] Failed to load config from "/home/romer/miProyecto/criptoListo/dataconnect": could not find dataconnect.yaml in `/home/romer/miProyecto/criptoListo/dataconnect`
 {"metadata":{"emulator":{"name":"dataconnect"},"message":"E1102 23:16:39.495807   14827 watch.go:31] Failed to load config from \"/home/romer/miProyecto/criptoListo/dataconnect\": could not find dataconnect.yaml in `/home/romer/miProyecto/criptoListo/dataconnect`\n"}}
[debug] [2025-11-03T03:16:49.496Z] E1102 23:16:49.495985   14827 watch.go:31] Failed to load config from "/home/romer/miProyecto/criptoListo/dataconnect": could not find dataconnect.yaml in `/home/romer/miProyecto/criptoListo/dataconnect`
E1102 23:16:49.496005   14827 watch.go:102] watchAllDir unable to walk dir `/home/romer/miProyecto/criptoListo/dataconnect`: lstat /home/romer/miProyecto/criptoListo/dataconnect: no such file or directory
 {"metadata":{"emulator":{"name":"dataconnect"},"message":"E1102 23:16:49.495985   14827 watch.go:31] Failed to load config from \"/home/romer/miProyecto/criptoListo/dataconnect\": could not find dataconnect.yaml in `/home/romer/miProyecto/criptoListo/dataconnect`\nE1102 23:16:49.496005   14827 watch.go:102] watchAllDir unable to walk dir `/home/romer/miProyecto/criptoListo/dataconnect`: lstat /home/romer/miProyecto/criptoListo/dataconnect: no such file or directory\n"}}
[debug] [2025-11-03T03:16:59.496Z] E1102 23:16:59.496144   14827 watch.go:31] Failed to load config from "/home/romer/miProyecto/criptoListo/dataconnect": could not find dataconnect.yaml in `/home/romer/miProyecto/criptoListo/dataconnect`
 {"metadata":{"emulator":{"name":"dataconnect"},"message":"E1102 23:16:59.496144   14827 watch.go:31] Failed to load config from \"/home/romer/miProyecto/criptoListo/dataconnect\": could not find dataconnect.yaml in `/home/romer/miProyecto/criptoListo/dataconnect`\n"}}
[debug] [2025-11-03T03:17:09.496Z] E1102 23:17:09.496249   14827 watch.go:31] Failed to load config from "/home/romer/miProyecto/criptoListo/dataconnect": could not find dataconnect.yaml in `/home/romer/miProyecto/criptoListo/dataconnect`
 {"metadata":{"emulator":{"name":"dataconnect"},"message":"E1102 23:17:09.496249   14827 watch.go:31] Failed to load config from \"/home/romer/miProyecto/criptoListo/dataconnect\": could not find dataconnect.yaml in `/home/romer/miProyecto/criptoListo/dataconnect`\n"}}
[debug] [2025-11-03T03:17:19.496Z] E1102 23:17:19.496553   14827 watch.go:31] Failed to load config from "/home/romer/miProyecto/criptoListo/dataconnect": could not find dataconnect.yaml in `/home/romer/miProyecto/criptoListo/dataconnect`
 {"metadata":{"emulator":{"name":"dataconnect"},"message":"E1102 23:17:19.496553   14827 watch.go:31] Failed to load config from \"/home/romer/miProyecto/criptoListo/dataconnect\": could not find dataconnect.yaml in `/home/romer/miProyecto/criptoListo/dataconnect`\n"}}
[debug] [2025-11-03T03:17:29.496Z] E1102 23:17:29.496757   14827 watch.go:31] Failed to load config from "/home/romer/miProyecto/criptoListo/dataconnect": could not find dataconnect.yaml in `/home/romer/miProyecto/criptoListo/dataconnect`
 {"metadata":{"emulator":{"name":"dataconnect"},"message":"E1102 23:17:29.496757   14827 watch.go:31] Failed to load config from \"/home/romer/miProyecto/criptoListo/dataconnect\": could not find dataconnect.yaml in `/home/romer/miProyecto/criptoListo/dataconnect`\n"}}
[debug] [2025-11-03T03:17:39.496Z] E1102 23:17:39.495866   14827 watch.go:31] Failed to load config from "/home/romer/miProyecto/criptoListo/dataconnect": could not find dataconnect.yaml in `/home/romer/miProyecto/criptoListo/dataconnect`
 {"metadata":{"emulator":{"name":"dataconnect"},"message":"E1102 23:17:39.495866   14827 watch.go:31] Failed to load config from \"/home/romer/miProyecto/criptoListo/dataconnect\": could not find dataconnect.yaml in `/home/romer/miProyecto/criptoListo/dataconnect`\n"}}
[debug] [2025-11-03T03:17:49.496Z] E1102 23:17:49.496430   14827 watch.go:31] Failed to load config from "/home/romer/miProyecto/criptoListo/dataconnect": could not find dataconnect.yaml in `/home/romer/miProyecto/criptoListo/dataconnect`
 {"metadata":{"emulator":{"name":"dataconnect"},"message":"E1102 23:17:49.496430   14827 watch.go:31] Failed to load config from \"/home/romer/miProyecto/criptoListo/dataconnect\": could not find dataconnect.yaml in `/home/romer/miProyecto/criptoListo/dataconnect`\n"}}
[debug] [2025-11-03T03:17:59.495Z] E1102 23:17:59.495768   14827 watch.go:31] Failed to load config from "/home/romer/miProyecto/criptoListo/dataconnect": could not find dataconnect.yaml in `/home/romer/miProyecto/criptoListo/dataconnect`
 {"metadata":{"emulator":{"name":"dataconnect"},"message":"E1102 23:17:59.495768   14827 watch.go:31] Failed to load config from \"/home/romer/miProyecto/criptoListo/dataconnect\": could not find dataconnect.yaml in `/home/romer/miProyecto/criptoListo/dataconnect`\n"}}
[debug] [2025-11-03T03:18:09.496Z] E1102 23:18:09.496660   14827 watch.go:31] Failed to load config from "/home/romer/miProyecto/criptoListo/dataconnect": could not find dataconnect.yaml in `/home/romer/miProyecto/criptoListo/dataconnect`
 {"metadata":{"emulator":{"name":"dataconnect"},"message":"E1102 23:18:09.496660   14827 watch.go:31] Failed to load config from \"/home/romer/miProyecto/criptoListo/dataconnect\": could not find dataconnect.yaml in `/home/romer/miProyecto/criptoListo/dataconnect`\n"}}
[debug] [2025-11-03T03:18:19.496Z] E1102 23:18:19.495886   14827 watch.go:31] Failed to load config from "/home/romer/miProyecto/criptoListo/dataconnect": could not find dataconnect.yaml in `/home/romer/miProyecto/criptoListo/dataconnect`
 {"metadata":{"emulator":{"name":"dataconnect"},"message":"E1102 23:18:19.495886   14827 watch.go:31] Failed to load config from \"/home/romer/miProyecto/criptoListo/dataconnect\": could not find dataconnect.yaml in `/home/romer/miProyecto/criptoListo/dataconnect`\n"}}
[debug] [2025-11-03T03:18:29.496Z] E1102 23:18:29.496034   14827 watch.go:31] Failed to load config from "/home/romer/miProyecto/criptoListo/dataconnect": could not find dataconnect.yaml in `/home/romer/miProyecto/criptoListo/dataconnect`
 {"metadata":{"emulator":{"name":"dataconnect"},"message":"E1102 23:18:29.496034   14827 watch.go:31] Failed to load config from \"/home/romer/miProyecto/criptoListo/dataconnect\": could not find dataconnect.yaml in `/home/romer/miProyecto/criptoListo/dataconnect`\n"}}
[debug] [2025-11-03T03:18:39.496Z] E1102 23:18:39.496107   14827 watch.go:31] Failed to load config from "/home/romer/miProyecto/criptoListo/dataconnect": could not find dataconnect.yaml in `/home/romer/miProyecto/criptoListo/dataconnect`
 {"metadata":{"emulator":{"name":"dataconnect"},"message":"E1102 23:18:39.496107   14827 watch.go:31] Failed to load config from \"/home/romer/miProyecto/criptoListo/dataconnect\": could not find dataconnect.yaml in `/home/romer/miProyecto/criptoListo/dataconnect`\n"}}
[debug] [2025-11-03T03:18:49.496Z] E1102 23:18:49.496307   14827 watch.go:31] Failed to load config from "/home/romer/miProyecto/criptoListo/dataconnect": could not find dataconnect.yaml in `/home/romer/miProyecto/criptoListo/dataconnect`
E1102 23:18:49.496340   14827 watch.go:102] watchAllDir unable to walk dir `/home/romer/miProyecto/criptoListo/dataconnect`: lstat /home/romer/miProyecto/criptoListo/dataconnect: no such file or directory
 {"metadata":{"emulator":{"name":"dataconnect"},"message":"E1102 23:18:49.496307   14827 watch.go:31] Failed to load config from \"/home/romer/miProyecto/criptoListo/dataconnect\": could not find dataconnect.yaml in `/home/romer/miProyecto/criptoListo/dataconnect`\nE1102 23:18:49.496340   14827 watch.go:102] watchAllDir unable to walk dir `/home/romer/miProyecto/criptoListo/dataconnect`: lstat /home/romer/miProyecto/criptoListo/dataconnect: no such file or directory\n"}}
[debug] [2025-11-03T03:18:59.496Z] E1102 23:18:59.496497   14827 watch.go:31] Failed to load config from "/home/romer/miProyecto/criptoListo/dataconnect": could not find dataconnect.yaml in `/home/romer/miProyecto/criptoListo/dataconnect`
 {"metadata":{"emulator":{"name":"dataconnect"},"message":"E1102 23:18:59.496497   14827 watch.go:31] Failed to load config from \"/home/romer/miProyecto/criptoListo/dataconnect\": could not find dataconnect.yaml in `/home/romer/miProyecto/criptoListo/dataconnect`\n"}}
[debug] [2025-11-03T03:19:09.496Z] E1102 23:19:09.496692   14827 watch.go:31] Failed to load config from "/home/romer/miProyecto/criptoListo/dataconnect": could not find dataconnect.yaml in `/home/romer/miProyecto/criptoListo/dataconnect`
 {"metadata":{"emulator":{"name":"dataconnect"},"message":"E1102 23:19:09.496692   14827 watch.go:31] Failed to load config from \"/home/romer/miProyecto/criptoListo/dataconnect\": could not find dataconnect.yaml in `/home/romer/miProyecto/criptoListo/dataconnect`\n"}}
[debug] [2025-11-03T03:19:19.496Z] E1102 23:19:19.496004   14827 watch.go:31] Failed to load config from "/home/romer/miProyecto/criptoListo/dataconnect": could not find dataconnect.yaml in `/home/romer/miProyecto/criptoListo/dataconnect`
 {"metadata":{"emulator":{"name":"dataconnect"},"message":"E1102 23:19:19.496004   14827 watch.go:31] Failed to load config from \"/home/romer/miProyecto/criptoListo/dataconnect\": could not find dataconnect.yaml in `/home/romer/miProyecto/criptoListo/dataconnect`\n"}}
[debug] [2025-11-03T03:19:29.496Z] E1102 23:19:29.496299   14827 watch.go:31] Failed to load config from "/home/romer/miProyecto/criptoListo/dataconnect": could not find dataconnect.yaml in `/home/romer/miProyecto/criptoListo/dataconnect`
 {"metadata":{"emulator":{"name":"dataconnect"},"message":"E1102 23:19:29.496299   14827 watch.go:31] Failed to load config from \"/home/romer/miProyecto/criptoListo/dataconnect\": could not find dataconnect.yaml in `/home/romer/miProyecto/criptoListo/dataconnect`\n"}}
[debug] [2025-11-03T03:19:39.496Z] E1102 23:19:39.496440   14827 watch.go:31] Failed to load config from "/home/romer/miProyecto/criptoListo/dataconnect": could not find dataconnect.yaml in `/home/romer/miProyecto/criptoListo/dataconnect`
 {"metadata":{"emulator":{"name":"dataconnect"},"message":"E1102 23:19:39.496440   14827 watch.go:31] Failed to load config from \"/home/romer/miProyecto/criptoListo/dataconnect\": could not find dataconnect.yaml in `/home/romer/miProyecto/criptoListo/dataconnect`\n"}}
[debug] [2025-11-03T03:19:49.495Z] E1102 23:19:49.495736   14827 watch.go:31] Failed to load config from "/home/romer/miProyecto/criptoListo/dataconnect": could not find dataconnect.yaml in `/home/romer/miProyecto/criptoListo/dataconnect`
 {"metadata":{"emulator":{"name":"dataconnect"},"message":"E1102 23:19:49.495736   14827 watch.go:31] Failed to load config from \"/home/romer/miProyecto/criptoListo/dataconnect\": could not find dataconnect.yaml in `/home/romer/miProyecto/criptoListo/dataconnect`\n"}}
[debug] [2025-11-03T03:20:49.608Z] [Firebase Plugin] Activating Firebase extension.
[debug] [2025-11-03T03:20:53.441Z] [Firebase Plugin] requireAuthWrapper
[debug] [2025-11-03T03:20:53.443Z] > command requires scopes: ["email","openid","https://www.googleapis.com/auth/cloudplatformprojects.readonly","https://www.googleapis.com/auth/firebase","https://www.googleapis.com/auth/cloud-platform"]
[debug] [2025-11-03T03:20:53.443Z] > authorizing via signed-in user (ampvpc@gmail.com)
[debug] [2025-11-03T03:20:53.447Z] Checked if tokens are valid: true, expires at: 1762142623807
[debug] [2025-11-03T03:20:53.447Z] Checked if tokens are valid: true, expires at: 1762142623807
[debug] [2025-11-03T03:20:53.447Z] [Firebase Plugin] User found:  ampvpc@gmail.com
[info] [Firebase Plugin] (Core:Project) New user detected, fetching projects
[debug] [2025-11-03T03:20:53.449Z] Checked if tokens are valid: true, expires at: 1762142623807
[debug] [2025-11-03T03:20:53.451Z] >>> [apiv2][query] GET https://firebase.googleapis.com/v1beta1/projects pageSize=1000
[debug] [2025-11-03T03:20:53.462Z] [Firebase Plugin] VSCode notification server listening on port 40001
[info] [Firebase Plugin] Starting Data Connect toolkit (version 2.15.0) on port 50001
[debug] [2025-11-03T03:20:53.744Z] 'fdc build' failed with error: Unable to build your Data Connect schema and connectors (exit code 1): E1102 23:20:53.743091   16692 cmd.go:43] Error loading data connect config: could not find dataconnect.yaml in `/home/romer/miProyectoDos/CriptoListo/dataconnect`
 {"metadata":{"emulator":{"name":"dataconnect"},"message":"'fdc build' failed with error: Unable to build your Data Connect schema and connectors (exit code 1): E1102 23:20:53.743091   16692 cmd.go:43] Error loading data connect config: could not find dataconnect.yaml in `/home/romer/miProyectoDos/CriptoListo/dataconnect`\n"}}
[debug] [2025-11-03T03:20:53.745Z] Ignoring unsupported arg: auto_download {"metadata":{"emulator":{"name":"dataconnect"},"message":"Ignoring unsupported arg: auto_download"}}
[debug] [2025-11-03T03:20:53.746Z] Ignoring unsupported arg: port {"metadata":{"emulator":{"name":"dataconnect"},"message":"Ignoring unsupported arg: port"}}
[debug] [2025-11-03T03:20:53.746Z] Starting Data Connect Emulator with command {"binary":"/home/romer/.cache/firebase/emulators/dataconnect-emulator-2.15.0","args":["--logtostderr","-v=2","dev","--listen=localhost:50001","--config_dir=/home/romer/miProyectoDos/CriptoListo/dataconnect","--enable_output_schema_extensions=true","--enable_output_generated_sdk=true"],"optionalArgs":["listen","config_dir","enable_output_schema_extensions","enable_output_generated_sdk"],"joinArgs":true,"shell":false,"port":9399} {"metadata":{"emulator":{"name":"dataconnect"},"message":"Starting Data Connect Emulator with command {\"binary\":\"/home/romer/.cache/firebase/emulators/dataconnect-emulator-2.15.0\",\"args\":[\"--logtostderr\",\"-v=2\",\"dev\",\"--listen=localhost:50001\",\"--config_dir=/home/romer/miProyectoDos/CriptoListo/dataconnect\",\"--enable_output_schema_extensions=true\",\"--enable_output_generated_sdk=true\"],\"optionalArgs\":[\"listen\",\"config_dir\",\"enable_output_schema_extensions\",\"enable_output_generated_sdk\"],\"joinArgs\":true,\"shell\":false,\"port\":9399}"}}
[info] i  dataconnect: Data Connect Emulator logging to dataconnect-debug.log {"metadata":{"emulator":{"name":"dataconnect"},"message":"Data Connect Emulator logging to dataconnect-debug.log"}}
[debug] [2025-11-03T03:20:53.799Z] E1102 23:20:53.766745   16702 dev.go:79] Failed to load initial config from "/home/romer/miProyectoDos/CriptoListo/dataconnect": could not find dataconnect.yaml in `/home/romer/miProyectoDos/CriptoListo/dataconnect`
E1102 23:20:53.766930   16702 watch.go:102] watchAllDir unable to walk dir `/home/romer/miProyectoDos/CriptoListo/dataconnect`: lstat /home/romer/miProyectoDos/CriptoListo/dataconnect: no such file or directory
I1102 23:20:53.767181   16702 dev.go:102] Listening on address (HTTP + gRPC): 127.0.0.1:50001
 {"metadata":{"emulator":{"name":"dataconnect"},"message":"E1102 23:20:53.766745   16702 dev.go:79] Failed to load initial config from \"/home/romer/miProyectoDos/CriptoListo/dataconnect\": could not find dataconnect.yaml in `/home/romer/miProyectoDos/CriptoListo/dataconnect`\nE1102 23:20:53.766930   16702 watch.go:102] watchAllDir unable to walk dir `/home/romer/miProyectoDos/CriptoListo/dataconnect`: lstat /home/romer/miProyectoDos/CriptoListo/dataconnect: no such file or directory\nI1102 23:20:53.767181   16702 dev.go:102] Listening on address (HTTP + gRPC): 127.0.0.1:50001\n"}}
[error] [Firebase Plugin] error:  {}
[debug] [2025-11-03T03:20:54.643Z] <<< [apiv2][status] GET https://firebase.googleapis.com/v1beta1/projects 200
[debug] [2025-11-03T03:20:54.644Z] <<< [apiv2][body] GET https://firebase.googleapis.com/v1beta1/projects [omitted]
[debug] [2025-11-03T03:21:03.768Z] E1102 23:21:03.767623   16702 watch.go:31] Failed to load config from "/home/romer/miProyectoDos/CriptoListo/dataconnect": could not find dataconnect.yaml in `/home/romer/miProyectoDos/CriptoListo/dataconnect`
 {"metadata":{"emulator":{"name":"dataconnect"},"message":"E1102 23:21:03.767623   16702 watch.go:31] Failed to load config from \"/home/romer/miProyectoDos/CriptoListo/dataconnect\": could not find dataconnect.yaml in `/home/romer/miProyectoDos/CriptoListo/dataconnect`\n"}}
[debug] [2025-11-03T03:21:13.768Z] E1102 23:21:13.767807   16702 watch.go:31] Failed to load config from "/home/romer/miProyectoDos/CriptoListo/dataconnect": could not find dataconnect.yaml in `/home/romer/miProyectoDos/CriptoListo/dataconnect`
 {"metadata":{"emulator":{"name":"dataconnect"},"message":"E1102 23:21:13.767807   16702 watch.go:31] Failed to load config from \"/home/romer/miProyectoDos/CriptoListo/dataconnect\": could not find dataconnect.yaml in `/home/romer/miProyectoDos/CriptoListo/dataconnect`\n"}}
[debug] [2025-11-03T03:21:23.767Z] E1102 23:21:23.767101   16702 watch.go:31] Failed to load config from "/home/romer/miProyectoDos/CriptoListo/dataconnect": could not find dataconnect.yaml in `/home/romer/miProyectoDos/CriptoListo/dataconnect`
 {"metadata":{"emulator":{"name":"dataconnect"},"message":"E1102 23:21:23.767101   16702 watch.go:31] Failed to load config from \"/home/romer/miProyectoDos/CriptoListo/dataconnect\": could not find dataconnect.yaml in `/home/romer/miProyectoDos/CriptoListo/dataconnect`\n"}}
[debug] [2025-11-03T03:21:33.767Z] E1102 23:21:33.767171   16702 watch.go:31] Failed to load config from "/home/romer/miProyectoDos/CriptoListo/dataconnect": could not find dataconnect.yaml in `/home/romer/miProyectoDos/CriptoListo/dataconnect`
 {"metadata":{"emulator":{"name":"dataconnect"},"message":"E1102 23:21:33.767171   16702 watch.go:31] Failed to load config from \"/home/romer/miProyectoDos/CriptoListo/dataconnect\": could not find dataconnect.yaml in `/home/romer/miProyectoDos/CriptoListo/dataconnect`\n"}}
[debug] [2025-11-03T03:21:43.767Z] E1102 23:21:43.767253   16702 watch.go:31] Failed to load config from "/home/romer/miProyectoDos/CriptoListo/dataconnect": could not find dataconnect.yaml in `/home/romer/miProyectoDos/CriptoListo/dataconnect`
 {"metadata":{"emulator":{"name":"dataconnect"},"message":"E1102 23:21:43.767253   16702 watch.go:31] Failed to load config from \"/home/romer/miProyectoDos/CriptoListo/dataconnect\": could not find dataconnect.yaml in `/home/romer/miProyectoDos/CriptoListo/dataconnect`\n"}}
[debug] [2025-11-03T03:21:53.767Z] E1102 23:21:53.767572   16702 watch.go:31] Failed to load config from "/home/romer/miProyectoDos/CriptoListo/dataconnect": could not find dataconnect.yaml in `/home/romer/miProyectoDos/CriptoListo/dataconnect`
 {"metadata":{"emulator":{"name":"dataconnect"},"message":"E1102 23:21:53.767572   16702 watch.go:31] Failed to load config from \"/home/romer/miProyectoDos/CriptoListo/dataconnect\": could not find dataconnect.yaml in `/home/romer/miProyectoDos/CriptoListo/dataconnect`\n"}}
[debug] [2025-11-03T03:22:03.767Z] E1102 23:22:03.767753   16702 watch.go:31] Failed to load config from "/home/romer/miProyectoDos/CriptoListo/dataconnect": could not find dataconnect.yaml in `/home/romer/miProyectoDos/CriptoListo/dataconnect`
 {"metadata":{"emulator":{"name":"dataconnect"},"message":"E1102 23:22:03.767753   16702 watch.go:31] Failed to load config from \"/home/romer/miProyectoDos/CriptoListo/dataconnect\": could not find dataconnect.yaml in `/home/romer/miProyectoDos/CriptoListo/dataconnect`\n"}}
[debug] [2025-11-03T03:22:13.768Z] E1102 23:22:13.767912   16702 watch.go:31] Failed to load config from "/home/romer/miProyectoDos/CriptoListo/dataconnect": could not find dataconnect.yaml in `/home/romer/miProyectoDos/CriptoListo/dataconnect`
 {"metadata":{"emulator":{"name":"dataconnect"},"message":"E1102 23:22:13.767912   16702 watch.go:31] Failed to load config from \"/home/romer/miProyectoDos/CriptoListo/dataconnect\": could not find dataconnect.yaml in `/home/romer/miProyectoDos/CriptoListo/dataconnect`\n"}}
[debug] [2025-11-03T03:22:23.767Z] E1102 23:22:23.767105   16702 watch.go:31] Failed to load config from "/home/romer/miProyectoDos/CriptoListo/dataconnect": could not find dataconnect.yaml in `/home/romer/miProyectoDos/CriptoListo/dataconnect`
 {"metadata":{"emulator":{"name":"dataconnect"},"message":"E1102 23:22:23.767105   16702 watch.go:31] Failed to load config from \"/home/romer/miProyectoDos/CriptoListo/dataconnect\": could not find dataconnect.yaml in `/home/romer/miProyectoDos/CriptoListo/dataconnect`\n"}}
[debug] [2025-11-03T03:22:33.767Z] E1102 23:22:33.767225   16702 watch.go:31] Failed to load config from "/home/romer/miProyectoDos/CriptoListo/dataconnect": could not find dataconnect.yaml in `/home/romer/miProyectoDos/CriptoListo/dataconnect`
 {"metadata":{"emulator":{"name":"dataconnect"},"message":"E1102 23:22:33.767225   16702 watch.go:31] Failed to load config from \"/home/romer/miProyectoDos/CriptoListo/dataconnect\": could not find dataconnect.yaml in `/home/romer/miProyectoDos/CriptoListo/dataconnect`\n"}}
[debug] [2025-11-03T03:22:43.767Z] E1102 23:22:43.767327   16702 watch.go:31] Failed to load config from "/home/romer/miProyectoDos/CriptoListo/dataconnect": could not find dataconnect.yaml in `/home/romer/miProyectoDos/CriptoListo/dataconnect`
 {"metadata":{"emulator":{"name":"dataconnect"},"message":"E1102 23:22:43.767327   16702 watch.go:31] Failed to load config from \"/home/romer/miProyectoDos/CriptoListo/dataconnect\": could not find dataconnect.yaml in `/home/romer/miProyectoDos/CriptoListo/dataconnect`\n"}}
[debug] [2025-11-03T03:22:53.767Z] E1102 23:22:53.767614   16702 watch.go:31] Failed to load config from "/home/romer/miProyectoDos/CriptoListo/dataconnect": could not find dataconnect.yaml in `/home/romer/miProyectoDos/CriptoListo/dataconnect`
E1102 23:22:53.767638   16702 watch.go:102] watchAllDir unable to walk dir `/home/romer/miProyectoDos/CriptoListo/dataconnect`: lstat /home/romer/miProyectoDos/CriptoListo/dataconnect: no such file or directory
 {"metadata":{"emulator":{"name":"dataconnect"},"message":"E1102 23:22:53.767614   16702 watch.go:31] Failed to load config from \"/home/romer/miProyectoDos/CriptoListo/dataconnect\": could not find dataconnect.yaml in `/home/romer/miProyectoDos/CriptoListo/dataconnect`\nE1102 23:22:53.767638   16702 watch.go:102] watchAllDir unable to walk dir `/home/romer/miProyectoDos/CriptoListo/dataconnect`: lstat /home/romer/miProyectoDos/CriptoListo/dataconnect: no such file or directory\n"}}
[debug] [2025-11-03T03:23:03.767Z] E1102 23:23:03.767402   16702 watch.go:31] Failed to load config from "/home/romer/miProyectoDos/CriptoListo/dataconnect": could not find dataconnect.yaml in `/home/romer/miProyectoDos/CriptoListo/dataconnect`
 {"metadata":{"emulator":{"name":"dataconnect"},"message":"E1102 23:23:03.767402   16702 watch.go:31] Failed to load config from \"/home/romer/miProyectoDos/CriptoListo/dataconnect\": could not find dataconnect.yaml in `/home/romer/miProyectoDos/CriptoListo/dataconnect`\n"}}
[debug] [2025-11-03T03:23:13.767Z] E1102 23:23:13.767086   16702 watch.go:31] Failed to load config from "/home/romer/miProyectoDos/CriptoListo/dataconnect": could not find dataconnect.yaml in `/home/romer/miProyectoDos/CriptoListo/dataconnect`
 {"metadata":{"emulator":{"name":"dataconnect"},"message":"E1102 23:23:13.767086   16702 watch.go:31] Failed to load config from \"/home/romer/miProyectoDos/CriptoListo/dataconnect\": could not find dataconnect.yaml in `/home/romer/miProyectoDos/CriptoListo/dataconnect`\n"}}
[debug] [2025-11-03T03:23:23.768Z] E1102 23:23:23.768018   16702 watch.go:31] Failed to load config from "/home/romer/miProyectoDos/CriptoListo/dataconnect": could not find dataconnect.yaml in `/home/romer/miProyectoDos/CriptoListo/dataconnect`
 {"metadata":{"emulator":{"name":"dataconnect"},"message":"E1102 23:23:23.768018   16702 watch.go:31] Failed to load config from \"/home/romer/miProyectoDos/CriptoListo/dataconnect\": could not find dataconnect.yaml in `/home/romer/miProyectoDos/CriptoListo/dataconnect`\n"}}
[debug] [2025-11-03T03:23:33.767Z] E1102 23:23:33.767126   16702 watch.go:31] Failed to load config from "/home/romer/miProyectoDos/CriptoListo/dataconnect": could not find dataconnect.yaml in `/home/romer/miProyectoDos/CriptoListo/dataconnect`
 {"metadata":{"emulator":{"name":"dataconnect"},"message":"E1102 23:23:33.767126   16702 watch.go:31] Failed to load config from \"/home/romer/miProyectoDos/CriptoListo/dataconnect\": could not find dataconnect.yaml in `/home/romer/miProyectoDos/CriptoListo/dataconnect`\n"}}
[debug] [2025-11-03T03:23:43.767Z] E1102 23:23:43.767205   16702 watch.go:31] Failed to load config from "/home/romer/miProyectoDos/CriptoListo/dataconnect": could not find dataconnect.yaml in `/home/romer/miProyectoDos/CriptoListo/dataconnect`
 {"metadata":{"emulator":{"name":"dataconnect"},"message":"E1102 23:23:43.767205   16702 watch.go:31] Failed to load config from \"/home/romer/miProyectoDos/CriptoListo/dataconnect\": could not find dataconnect.yaml in `/home/romer/miProyectoDos/CriptoListo/dataconnect`\n"}}
[debug] [2025-11-03T03:23:53.767Z] E1102 23:23:53.767588   16702 watch.go:31] Failed to load config from "/home/romer/miProyectoDos/CriptoListo/dataconnect": could not find dataconnect.yaml in `/home/romer/miProyectoDos/CriptoListo/dataconnect`
 {"metadata":{"emulator":{"name":"dataconnect"},"message":"E1102 23:23:53.767588   16702 watch.go:31] Failed to load config from \"/home/romer/miProyectoDos/CriptoListo/dataconnect\": could not find dataconnect.yaml in `/home/romer/miProyectoDos/CriptoListo/dataconnect`\n"}}
[debug] [2025-11-03T03:24:03.767Z] E1102 23:24:03.767704   16702 watch.go:31] Failed to load config from "/home/romer/miProyectoDos/CriptoListo/dataconnect": could not find dataconnect.yaml in `/home/romer/miProyectoDos/CriptoListo/dataconnect`
 {"metadata":{"emulator":{"name":"dataconnect"},"message":"E1102 23:24:03.767704   16702 watch.go:31] Failed to load config from \"/home/romer/miProyectoDos/CriptoListo/dataconnect\": could not find dataconnect.yaml in `/home/romer/miProyectoDos/CriptoListo/dataconnect`\n"}}
[debug] [2025-11-03T03:24:13.770Z] E1102 23:24:13.767744   16702 watch.go:31] Failed to load config from "/home/romer/miProyectoDos/CriptoListo/dataconnect": could not find dataconnect.yaml in `/home/romer/miProyectoDos/CriptoListo/dataconnect`
 {"metadata":{"emulator":{"name":"dataconnect"},"message":"E1102 23:24:13.767744   16702 watch.go:31] Failed to load config from \"/home/romer/miProyectoDos/CriptoListo/dataconnect\": could not find dataconnect.yaml in `/home/romer/miProyectoDos/CriptoListo/dataconnect`\n"}}
[debug] [2025-11-03T03:24:23.772Z] E1102 23:24:23.767978   16702 watch.go:31] Failed to load config from "/home/romer/miProyectoDos/CriptoListo/dataconnect": could not find dataconnect.yaml in `/home/romer/miProyectoDos/CriptoListo/dataconnect`
 {"metadata":{"emulator":{"name":"dataconnect"},"message":"E1102 23:24:23.767978   16702 watch.go:31] Failed to load config from \"/home/romer/miProyectoDos/CriptoListo/dataconnect\": could not find dataconnect.yaml in `/home/romer/miProyectoDos/CriptoListo/dataconnect`\n"}}
[debug] [2025-11-03T03:24:33.768Z] E1102 23:24:33.768015   16702 watch.go:31] Failed to load config from "/home/romer/miProyectoDos/CriptoListo/dataconnect": could not find dataconnect.yaml in `/home/romer/miProyectoDos/CriptoListo/dataconnect`
 {"metadata":{"emulator":{"name":"dataconnect"},"message":"E1102 23:24:33.768015   16702 watch.go:31] Failed to load config from \"/home/romer/miProyectoDos/CriptoListo/dataconnect\": could not find dataconnect.yaml in `/home/romer/miProyectoDos/CriptoListo/dataconnect`\n"}}
[debug] [2025-11-03T03:24:43.767Z] E1102 23:24:43.767079   16702 watch.go:31] Failed to load config from "/home/romer/miProyectoDos/CriptoListo/dataconnect": could not find dataconnect.yaml in `/home/romer/miProyectoDos/CriptoListo/dataconnect`
 {"metadata":{"emulator":{"name":"dataconnect"},"message":"E1102 23:24:43.767079   16702 watch.go:31] Failed to load config from \"/home/romer/miProyectoDos/CriptoListo/dataconnect\": could not find dataconnect.yaml in `/home/romer/miProyectoDos/CriptoListo/dataconnect`\n"}}
[debug] [2025-11-03T03:24:53.767Z] E1102 23:24:53.767284   16702 watch.go:31] Failed to load config from "/home/romer/miProyectoDos/CriptoListo/dataconnect": could not find dataconnect.yaml in `/home/romer/miProyectoDos/CriptoListo/dataconnect`
E1102 23:24:53.767308   16702 watch.go:102] watchAllDir unable to walk dir `/home/romer/miProyectoDos/CriptoListo/dataconnect`: lstat /home/romer/miProyectoDos/CriptoListo/dataconnect: no such file or directory
 {"metadata":{"emulator":{"name":"dataconnect"},"message":"E1102 23:24:53.767284   16702 watch.go:31] Failed to load config from \"/home/romer/miProyectoDos/CriptoListo/dataconnect\": could not find dataconnect.yaml in `/home/romer/miProyectoDos/CriptoListo/dataconnect`\nE1102 23:24:53.767308   16702 watch.go:102] watchAllDir unable to walk dir `/home/romer/miProyectoDos/CriptoListo/dataconnect`: lstat /home/romer/miProyectoDos/CriptoListo/dataconnect: no such file or directory\n"}}
[debug] [2025-11-03T03:25:03.767Z] E1102 23:25:03.767433   16702 watch.go:31] Failed to load config from "/home/romer/miProyectoDos/CriptoListo/dataconnect": could not find dataconnect.yaml in `/home/romer/miProyectoDos/CriptoListo/dataconnect`
 {"metadata":{"emulator":{"name":"dataconnect"},"message":"E1102 23:25:03.767433   16702 watch.go:31] Failed to load config from \"/home/romer/miProyectoDos/CriptoListo/dataconnect\": could not find dataconnect.yaml in `/home/romer/miProyectoDos/CriptoListo/dataconnect`\n"}}
[debug] [2025-11-03T03:25:13.767Z] E1102 23:25:13.767458   16702 watch.go:31] Failed to load config from "/home/romer/miProyectoDos/CriptoListo/dataconnect": could not find dataconnect.yaml in `/home/romer/miProyectoDos/CriptoListo/dataconnect`
 {"metadata":{"emulator":{"name":"dataconnect"},"message":"E1102 23:25:13.767458   16702 watch.go:31] Failed to load config from \"/home/romer/miProyectoDos/CriptoListo/dataconnect\": could not find dataconnect.yaml in `/home/romer/miProyectoDos/CriptoListo/dataconnect`\n"}}
